\BOOKMARK [0][-]{chapter*.3}{ 大會資訊}{}% 1
\BOOKMARK [0][-]{chapter*.5}{ 大會組織}{}% 2
\BOOKMARK [0][-]{chapter*.6}{ 大會議程}{}% 3
\BOOKMARK [0][-]{chapter*.8}{ 分場詳細議程}{}% 4
\BOOKMARK [0][-]{chapter*.9}{大會演講 I}{}% 5
\BOOKMARK [0][-]{chapter*.11}{大會演講 II}{}% 6
\BOOKMARK [0][-]{chapter*.13}{專題論壇}{}% 7
\BOOKMARK [0][-]{chapter*.15}{企業演講}{}% 8
\BOOKMARK [0][-]{chapter*.16}{JISE\040Special\040Issue}{}% 9
\BOOKMARK [0][-]{chapter*.17}{TCSE Hacks 黑客松}{}% 10
\BOOKMARK [0][-]{chapter.1}{Software\040Engineering,\040Software\040Testing,\040Web\040Engineering\040and\040AI}{}% 11
\BOOKMARK [1][-]{section.1.1}{Software\040Engineering\040I}{chapter.1}% 12
\BOOKMARK [1][-]{section.1.2}{Software\040Testing\040I}{chapter.1}% 13
\BOOKMARK [1][-]{section.1.3}{Web\040Engineering}{chapter.1}% 14
\BOOKMARK [1][-]{section.1.4}{Artificial\040Intelligence}{chapter.1}% 15
\BOOKMARK [0][-]{chapter.2}{English\040paper,\040IoT\040and\040Industry\040Talk\040I}{}% 16
\BOOKMARK [1][-]{section.2.1}{Best\040English\040paper}{chapter.2}% 17
\BOOKMARK [1][-]{section.2.2}{English\040paper}{chapter.2}% 18
\BOOKMARK [1][-]{section.2.3}{IoT}{chapter.2}% 19
\BOOKMARK [1][-]{section.2.4}{Industry\040Talk\040I}{chapter.2}% 20
\BOOKMARK [0][-]{chapter.3}{Best\040regular\040paper,\040Software\040testing\040II,\040and\040Demo\040paper}{}% 21
\BOOKMARK [1][-]{section.3.1}{Best\040regular\040paper}{chapter.3}% 22
\BOOKMARK [1][-]{section.3.2}{Software\040Testing\040II}{chapter.3}% 23
\BOOKMARK [1][-]{section.3.3}{Demo\040paper}{chapter.3}% 24
\BOOKMARK [0][-]{chapter.4}{Software\040Engineering\040II,\040Software\040Application,\040and\040Industry\040Talk\040II}{}% 25
\BOOKMARK [1][-]{section.4.1}{Data\040Engineering}{chapter.4}% 26
\BOOKMARK [1][-]{section.4.2}{Software\040Engineering\040II}{chapter.4}% 27
\BOOKMARK [1][-]{section.4.3}{Application}{chapter.4}% 28
\BOOKMARK [1][-]{section.4.4}{Industry\040talk\040II}{chapter.4}% 29
